2021-05-23 22:37:43,342 p=8739 u=hs n=ansible | PLAY [configure ansible client at [ec2-3-67-6-79.eu-central-1.compute.amazonaws.com]] **************************************************************************************************************************************************************************************************
2021-05-23 22:37:43,357 p=8739 u=hs n=ansible | Sunday 23 May 2021  22:37:43 +0200 (0:00:00.052)       0:00:00.052 ************ 
2021-05-23 22:37:43,371 p=8739 u=hs n=ansible | Sunday 23 May 2021  22:37:43 +0200 (0:00:00.013)       0:00:00.066 ************ 
2021-05-23 22:37:49,955 p=8739 u=hs n=ansible |  [ERROR]: User interrupted execution

2021-05-23 22:53:35,621 p=9079 u=hs n=ansible | PLAY [configure ansible client at [ec2-52-59-221-56.eu-central-1.compute.amazonaws.com, ec2-18-184-142-111.eu-central-1.compute.amazonaws.com]] ****************************************************************************************************************************************
2021-05-23 22:53:35,629 p=9079 u=hs n=ansible | Sunday 23 May 2021  22:53:35 +0200 (0:00:00.029)       0:00:00.029 ************ 
2021-05-23 22:53:35,645 p=9079 u=hs n=ansible | Sunday 23 May 2021  22:53:35 +0200 (0:00:00.016)       0:00:00.045 ************ 
2021-05-23 22:53:37,110 p=9079 u=hs n=ansible | TASK [r_check_availability : check availibility [ec2-52-59-221-56.eu-central-1.compute.amazonaws.com, ec2-18-184-142-111.eu-central-1.compute.amazonaws.com]] **************************************************************************************************************************
2021-05-23 22:53:37,111 p=9079 u=hs n=ansible | ok: [ec2-52-59-221-56.eu-central-1.compute.amazonaws.com]
2021-05-23 22:53:37,886 p=9079 u=hs n=ansible | ok: [ec2-18-184-142-111.eu-central-1.compute.amazonaws.com]
2021-05-23 22:53:37,887 p=9079 u=hs n=ansible | Sunday 23 May 2021  22:53:37 +0200 (0:00:02.241)       0:00:02.287 ************ 
2021-05-23 22:53:37,915 p=9079 u=hs n=ansible | Sunday 23 May 2021  22:53:37 +0200 (0:00:00.027)       0:00:02.315 ************ 
2021-05-23 22:53:39,280 p=9079 u=hs n=ansible | TASK [r_check_4_rhel : reload facts] ***************************************************************************************************************************************************************************************************************************************************
2021-05-23 22:53:39,281 p=9079 u=hs n=ansible | [WARNING]: Platform linux on host ec2-52-59-221-56.eu-central-1.compute.amazonaws.com is using the discovered Python interpreter at /usr/bin/python, but future installation of another Python interpreter could change this. See
https://docs.ansible.com/ansible/2.9/reference_appendices/interpreter_discovery.html for more information.

2021-05-23 22:53:39,281 p=9079 u=hs n=ansible | ok: [ec2-52-59-221-56.eu-central-1.compute.amazonaws.com]
2021-05-23 22:53:39,849 p=9079 u=hs n=ansible | [WARNING]: Platform linux on host ec2-18-184-142-111.eu-central-1.compute.amazonaws.com is using the discovered Python interpreter at /usr/bin/python, but future installation of another Python interpreter could change this. See
https://docs.ansible.com/ansible/2.9/reference_appendices/interpreter_discovery.html for more information.

2021-05-23 22:53:39,849 p=9079 u=hs n=ansible | ok: [ec2-18-184-142-111.eu-central-1.compute.amazonaws.com]
2021-05-23 22:53:39,855 p=9079 u=hs n=ansible | Sunday 23 May 2021  22:53:39 +0200 (0:00:01.939)       0:00:04.255 ************ 
2021-05-23 22:53:39,865 p=9079 u=hs n=ansible | TASK [r_check_4_rhel : probe for rhel/centos] ******************************************************************************************************************************************************************************************************************************************
2021-05-23 22:53:39,865 p=9079 u=hs n=ansible | fatal: [ec2-52-59-221-56.eu-central-1.compute.amazonaws.com]: FAILED! => {"changed": false, "msg": "52.59.221.56 doesn't run redhat/centos"}
2021-05-23 22:53:39,873 p=9079 u=hs n=ansible | fatal: [ec2-18-184-142-111.eu-central-1.compute.amazonaws.com]: FAILED! => {"changed": false, "msg": "18.184.142.111 doesn't run redhat/centos"}
2021-05-23 22:53:39,876 p=9079 u=hs n=ansible | Sunday 23 May 2021  22:53:39 +0200 (0:00:00.021)       0:00:04.277 ************ 
2021-05-23 22:53:39,885 p=9079 u=hs n=ansible | TASK [r_check_4_rhel : fail] ***********************************************************************************************************************************************************************************************************************************************************
2021-05-23 22:53:39,886 p=9079 u=hs n=ansible | fatal: [ec2-52-59-221-56.eu-central-1.compute.amazonaws.com]: FAILED! => {"changed": false, "msg": "error: during check 4 rhel"}
2021-05-23 22:53:39,889 p=9079 u=hs n=ansible | fatal: [ec2-18-184-142-111.eu-central-1.compute.amazonaws.com]: FAILED! => {"changed": false, "msg": "error: during check 4 rhel"}
2021-05-23 22:53:39,892 p=9079 u=hs n=ansible | Sunday 23 May 2021  22:53:39 +0200 (0:00:00.015)       0:00:04.292 ************ 
2021-05-23 22:53:39,902 p=9079 u=hs n=ansible | TASK [fail] ****************************************************************************************************************************************************************************************************************************************************************************
2021-05-23 22:53:39,902 p=9079 u=hs n=ansible | fatal: [ec2-52-59-221-56.eu-central-1.compute.amazonaws.com]: FAILED! => {"changed": false, "msg": "pre tasks config_ansible failed"}
2021-05-23 22:53:39,906 p=9079 u=hs n=ansible | fatal: [ec2-18-184-142-111.eu-central-1.compute.amazonaws.com]: FAILED! => {"changed": false, "msg": "pre tasks config_ansible failed"}
2021-05-23 22:53:39,906 p=9079 u=hs n=ansible | NO MORE HOSTS LEFT *********************************************************************************************************************************************************************************************************************************************************************
2021-05-23 22:53:39,907 p=9079 u=hs n=ansible | PLAY RECAP *****************************************************************************************************************************************************************************************************************************************************************************
2021-05-23 22:53:39,907 p=9079 u=hs n=ansible | ec2-18-184-142-111.eu-central-1.compute.amazonaws.com : ok=2    changed=0    unreachable=0    failed=1    skipped=0    rescued=2    ignored=0   
2021-05-23 22:53:39,907 p=9079 u=hs n=ansible | ec2-52-59-221-56.eu-central-1.compute.amazonaws.com : ok=2    changed=0    unreachable=0    failed=1    skipped=0    rescued=2    ignored=0   
2021-05-23 22:53:39,907 p=9079 u=hs n=ansible | Sunday 23 May 2021  22:53:39 +0200 (0:00:00.015)       0:00:04.307 ************ 
2021-05-23 22:53:39,907 p=9079 u=hs n=ansible | =============================================================================== 
2021-05-23 22:53:39,907 p=9079 u=hs n=ansible | [WARNING]: Failure using method (v2_playbook_on_stats) in callback plugin (<ansible.plugins.callback.profile_tasks.CallbackModule object at 0x7feead55aaf0>): 'odict_items' object is not subscriptable

2021-05-23 22:54:43,900 p=9171 u=hs n=ansible | PLAY [configure ansible client at [ec2-52-59-221-56.eu-central-1.compute.amazonaws.com, ec2-18-184-142-111.eu-central-1.compute.amazonaws.com]] ****************************************************************************************************************************************
2021-05-23 22:54:43,907 p=9171 u=hs n=ansible | Sunday 23 May 2021  22:54:43 +0200 (0:00:00.028)       0:00:00.028 ************ 
2021-05-23 22:54:43,923 p=9171 u=hs n=ansible | Sunday 23 May 2021  22:54:43 +0200 (0:00:00.016)       0:00:00.045 ************ 
2021-05-23 22:54:45,181 p=9171 u=hs n=ansible | TASK [r_check_availability : check availibility [ec2-52-59-221-56.eu-central-1.compute.amazonaws.com, ec2-18-184-142-111.eu-central-1.compute.amazonaws.com]] **************************************************************************************************************************
2021-05-23 22:54:45,182 p=9171 u=hs n=ansible | ok: [ec2-52-59-221-56.eu-central-1.compute.amazonaws.com]
2021-05-23 22:54:45,192 p=9171 u=hs n=ansible | ok: [ec2-18-184-142-111.eu-central-1.compute.amazonaws.com]
2021-05-23 22:54:45,193 p=9171 u=hs n=ansible | Sunday 23 May 2021  22:54:45 +0200 (0:00:01.270)       0:00:01.315 ************ 
2021-05-23 22:54:45,223 p=9171 u=hs n=ansible | Sunday 23 May 2021  22:54:45 +0200 (0:00:00.029)       0:00:01.345 ************ 
2021-05-23 22:54:46,069 p=9171 u=hs n=ansible | TASK [r_create_local_facts : create directory for local facts if doesn't exists] *******************************************************************************************************************************************************************************************************
2021-05-23 22:54:46,069 p=9171 u=hs n=ansible | [WARNING]: Platform linux on host ec2-18-184-142-111.eu-central-1.compute.amazonaws.com is using the discovered Python interpreter at /usr/bin/python, but future installation of another Python interpreter could change this. See
https://docs.ansible.com/ansible/2.9/reference_appendices/interpreter_discovery.html for more information.

2021-05-23 22:54:46,069 p=9171 u=hs n=ansible | changed: [ec2-18-184-142-111.eu-central-1.compute.amazonaws.com]
2021-05-23 22:54:46,161 p=9171 u=hs n=ansible | [WARNING]: Platform linux on host ec2-52-59-221-56.eu-central-1.compute.amazonaws.com is using the discovered Python interpreter at /usr/bin/python, but future installation of another Python interpreter could change this. See
https://docs.ansible.com/ansible/2.9/reference_appendices/interpreter_discovery.html for more information.

2021-05-23 22:54:46,161 p=9171 u=hs n=ansible | changed: [ec2-52-59-221-56.eu-central-1.compute.amazonaws.com]
2021-05-23 22:54:46,165 p=9171 u=hs n=ansible | Sunday 23 May 2021  22:54:46 +0200 (0:00:00.941)       0:00:02.286 ************ 
2021-05-23 22:54:47,680 p=9171 u=hs n=ansible | TASK [r_create_local_facts : template fact files to /etc/ansible/facts.d] **************************************************************************************************************************************************************************************************************
2021-05-23 22:54:47,680 p=9171 u=hs n=ansible | changed: [ec2-18-184-142-111.eu-central-1.compute.amazonaws.com] => (item=/home/hs/tools/terraform/aws/us7/ansible/roles/r_create_local_facts/templates/t_state.fact.j2)
2021-05-23 22:54:47,682 p=9171 u=hs n=ansible | changed: [ec2-52-59-221-56.eu-central-1.compute.amazonaws.com] => (item=/home/hs/tools/terraform/aws/us7/ansible/roles/r_create_local_facts/templates/t_state.fact.j2)
2021-05-23 22:54:47,685 p=9171 u=hs n=ansible | Sunday 23 May 2021  22:54:47 +0200 (0:00:01.519)       0:00:03.806 ************ 
2021-05-23 22:54:47,707 p=9171 u=hs n=ansible | Sunday 23 May 2021  22:54:47 +0200 (0:00:00.021)       0:00:03.828 ************ 
2021-05-23 22:54:48,421 p=9171 u=hs n=ansible | TASK [r_create_ansible_user : create group ansible:61065] ******************************************************************************************************************************************************************************************************************************
2021-05-23 22:54:48,421 p=9171 u=hs n=ansible | changed: [ec2-18-184-142-111.eu-central-1.compute.amazonaws.com]
2021-05-23 22:54:48,462 p=9171 u=hs n=ansible | changed: [ec2-52-59-221-56.eu-central-1.compute.amazonaws.com]
2021-05-23 22:54:48,465 p=9171 u=hs n=ansible | Sunday 23 May 2021  22:54:48 +0200 (0:00:00.758)       0:00:04.587 ************ 
2021-05-23 22:54:49,453 p=9171 u=hs n=ansible | TASK [r_create_ansible_user : create user ansible:61065] *******************************************************************************************************************************************************************************************************************************
2021-05-23 22:54:49,453 p=9171 u=hs n=ansible | changed: [ec2-18-184-142-111.eu-central-1.compute.amazonaws.com]
2021-05-23 22:54:49,552 p=9171 u=hs n=ansible | changed: [ec2-52-59-221-56.eu-central-1.compute.amazonaws.com]
2021-05-23 22:54:49,554 p=9171 u=hs n=ansible | Sunday 23 May 2021  22:54:49 +0200 (0:00:01.088)       0:00:05.675 ************ 
2021-05-23 22:54:50,355 p=9171 u=hs n=ansible | TASK [r_create_ansible_user : put public key to ~/.ssh/authorized_keys] ****************************************************************************************************************************************************************************************************************
2021-05-23 22:54:50,355 p=9171 u=hs n=ansible | changed: [ec2-18-184-142-111.eu-central-1.compute.amazonaws.com]
2021-05-23 22:54:50,401 p=9171 u=hs n=ansible | changed: [ec2-52-59-221-56.eu-central-1.compute.amazonaws.com]
2021-05-23 22:54:50,403 p=9171 u=hs n=ansible | Sunday 23 May 2021  22:54:50 +0200 (0:00:00.849)       0:00:06.525 ************ 
2021-05-23 22:54:51,044 p=9171 u=hs n=ansible | TASK [r_create_ansible_user : create /etc/sudoers.d/ansible] ***************************************************************************************************************************************************************************************************************************
2021-05-23 22:54:51,044 p=9171 u=hs n=ansible | changed: [ec2-18-184-142-111.eu-central-1.compute.amazonaws.com]
2021-05-23 22:54:51,070 p=9171 u=hs n=ansible | changed: [ec2-52-59-221-56.eu-central-1.compute.amazonaws.com]
2021-05-23 22:54:51,073 p=9171 u=hs n=ansible | Sunday 23 May 2021  22:54:51 +0200 (0:00:00.669)       0:00:07.194 ************ 
2021-05-23 22:54:51,843 p=9171 u=hs n=ansible | TASK [r_create_ansible_user : add entry ansible ALL=(ALL) NOPASSWD: ALL to  /etc/sudoers.d/ansible] ************************************************************************************************************************************************************************************
2021-05-23 22:54:51,843 p=9171 u=hs n=ansible | changed: [ec2-52-59-221-56.eu-central-1.compute.amazonaws.com]
2021-05-23 22:54:51,870 p=9171 u=hs n=ansible | changed: [ec2-18-184-142-111.eu-central-1.compute.amazonaws.com]
2021-05-23 22:54:51,872 p=9171 u=hs n=ansible | Sunday 23 May 2021  22:54:51 +0200 (0:00:00.799)       0:00:07.993 ************ 
2021-05-23 22:54:51,889 p=9171 u=hs n=ansible | Sunday 23 May 2021  22:54:51 +0200 (0:00:00.017)       0:00:08.011 ************ 
2021-05-23 22:54:52,592 p=9171 u=hs n=ansible | TASK [r_write_local_state_facts : set local fact last_run = config_ansible] ************************************************************************************************************************************************************************************************************
2021-05-23 22:54:52,592 p=9171 u=hs n=ansible | ok: [ec2-18-184-142-111.eu-central-1.compute.amazonaws.com]
2021-05-23 22:54:52,642 p=9171 u=hs n=ansible | ok: [ec2-52-59-221-56.eu-central-1.compute.amazonaws.com]
2021-05-23 22:54:52,643 p=9171 u=hs n=ansible | Sunday 23 May 2021  22:54:52 +0200 (0:00:00.754)       0:00:08.765 ************ 
2021-05-23 22:54:53,340 p=9171 u=hs n=ansible | TASK [r_write_local_state_facts : set local fact all_run] ******************************************************************************************************************************************************************************************************************************
2021-05-23 22:54:53,341 p=9171 u=hs n=ansible | ok: [ec2-18-184-142-111.eu-central-1.compute.amazonaws.com]
2021-05-23 22:54:53,388 p=9171 u=hs n=ansible | ok: [ec2-52-59-221-56.eu-central-1.compute.amazonaws.com]
2021-05-23 22:54:53,394 p=9171 u=hs n=ansible | Sunday 23 May 2021  22:54:53 +0200 (0:00:00.750)       0:00:09.515 ************ 
2021-05-23 22:54:54,044 p=9171 u=hs n=ansible | TASK [r_write_local_state_facts : set local fact last_deploy = 22:54:53-23.05.2021] ****************************************************************************************************************************************************************************************************
2021-05-23 22:54:54,044 p=9171 u=hs n=ansible | changed: [ec2-18-184-142-111.eu-central-1.compute.amazonaws.com]
2021-05-23 22:54:54,086 p=9171 u=hs n=ansible | changed: [ec2-52-59-221-56.eu-central-1.compute.amazonaws.com]
2021-05-23 22:54:54,087 p=9171 u=hs n=ansible | PLAY RECAP *****************************************************************************************************************************************************************************************************************************************************************************
2021-05-23 22:54:54,088 p=9171 u=hs n=ansible | ec2-18-184-142-111.eu-central-1.compute.amazonaws.com : ok=11   changed=8    unreachable=0    failed=0    skipped=0    rescued=0    ignored=0   
2021-05-23 22:54:54,088 p=9171 u=hs n=ansible | ec2-52-59-221-56.eu-central-1.compute.amazonaws.com : ok=11   changed=8    unreachable=0    failed=0    skipped=0    rescued=0    ignored=0   
2021-05-23 22:54:54,088 p=9171 u=hs n=ansible | Sunday 23 May 2021  22:54:54 +0200 (0:00:00.693)       0:00:10.209 ************ 
2021-05-23 22:54:54,088 p=9171 u=hs n=ansible | =============================================================================== 
2021-05-23 22:54:54,088 p=9171 u=hs n=ansible | [WARNING]: Failure using method (v2_playbook_on_stats) in callback plugin (<ansible.plugins.callback.profile_tasks.CallbackModule object at 0x7fbbb00a53d0>): 'odict_items' object is not subscriptable

2021-05-23 23:01:52,292 p=9690 u=hs n=ansible | PLAY [configure ansible client at [ec2-52-59-221-56.eu-central-1.compute.amazonaws.com, ec2-18-184-142-111.eu-central-1.compute.amazonaws.com]] ****************************************************************************************************************************************
2021-05-23 23:01:52,299 p=9690 u=hs n=ansible | Sunday 23 May 2021  23:01:52 +0200 (0:00:00.028)       0:00:00.028 ************ 
2021-05-23 23:01:52,316 p=9690 u=hs n=ansible | Sunday 23 May 2021  23:01:52 +0200 (0:00:00.016)       0:00:00.045 ************ 
2021-05-23 23:01:57,772 p=9690 u=hs n=ansible |  [ERROR]: User interrupted execution

2021-05-23 23:03:06,558 p=9742 u=hs n=ansible | PLAY [configure ansible client at [ec2-52-59-221-56.eu-central-1.compute.amazonaws.com, ec2-18-184-142-111.eu-central-1.compute.amazonaws.com]] ****************************************************************************************************************************************
2021-05-23 23:03:06,565 p=9742 u=hs n=ansible | Sunday 23 May 2021  23:03:06 +0200 (0:00:00.028)       0:00:00.028 ************ 
2021-05-23 23:03:06,582 p=9742 u=hs n=ansible | Sunday 23 May 2021  23:03:06 +0200 (0:00:00.016)       0:00:00.045 ************ 
2021-05-23 23:03:07,853 p=9742 u=hs n=ansible | TASK [r_check_availability : check availibility [ec2-52-59-221-56.eu-central-1.compute.amazonaws.com, ec2-18-184-142-111.eu-central-1.compute.amazonaws.com]] **************************************************************************************************************************
2021-05-23 23:03:07,854 p=9742 u=hs n=ansible | ok: [ec2-18-184-142-111.eu-central-1.compute.amazonaws.com]
2021-05-23 23:03:07,871 p=9742 u=hs n=ansible | ok: [ec2-52-59-221-56.eu-central-1.compute.amazonaws.com]
2021-05-23 23:03:07,872 p=9742 u=hs n=ansible | Sunday 23 May 2021  23:03:07 +0200 (0:00:01.290)       0:00:01.336 ************ 
2021-05-23 23:03:07,912 p=9742 u=hs n=ansible | Sunday 23 May 2021  23:03:07 +0200 (0:00:00.039)       0:00:01.375 ************ 
2021-05-23 23:03:08,752 p=9742 u=hs n=ansible | TASK [r_create_local_facts : create directory for local facts if doesn't exists] *******************************************************************************************************************************************************************************************************
2021-05-23 23:03:08,752 p=9742 u=hs n=ansible | [WARNING]: Platform linux on host ec2-18-184-142-111.eu-central-1.compute.amazonaws.com is using the discovered Python interpreter at /usr/bin/python, but future installation of another Python interpreter could change this. See
https://docs.ansible.com/ansible/2.9/reference_appendices/interpreter_discovery.html for more information.

2021-05-23 23:03:08,752 p=9742 u=hs n=ansible | ok: [ec2-18-184-142-111.eu-central-1.compute.amazonaws.com]
2021-05-23 23:03:08,769 p=9742 u=hs n=ansible | [WARNING]: Platform linux on host ec2-52-59-221-56.eu-central-1.compute.amazonaws.com is using the discovered Python interpreter at /usr/bin/python, but future installation of another Python interpreter could change this. See
https://docs.ansible.com/ansible/2.9/reference_appendices/interpreter_discovery.html for more information.

2021-05-23 23:03:08,769 p=9742 u=hs n=ansible | ok: [ec2-52-59-221-56.eu-central-1.compute.amazonaws.com]
2021-05-23 23:03:08,771 p=9742 u=hs n=ansible | Sunday 23 May 2021  23:03:08 +0200 (0:00:00.859)       0:00:02.235 ************ 
2021-05-23 23:03:09,490 p=9742 u=hs n=ansible | TASK [r_create_local_facts : template fact files to /etc/ansible/facts.d] **************************************************************************************************************************************************************************************************************
2021-05-23 23:03:09,490 p=9742 u=hs n=ansible | ok: [ec2-18-184-142-111.eu-central-1.compute.amazonaws.com] => (item=/home/hs/tools/terraform/aws/us7/ansible/roles/r_create_local_facts/templates/t_state.fact.j2)
2021-05-23 23:03:09,505 p=9742 u=hs n=ansible | ok: [ec2-52-59-221-56.eu-central-1.compute.amazonaws.com] => (item=/home/hs/tools/terraform/aws/us7/ansible/roles/r_create_local_facts/templates/t_state.fact.j2)
2021-05-23 23:03:09,507 p=9742 u=hs n=ansible | Sunday 23 May 2021  23:03:09 +0200 (0:00:00.735)       0:00:02.971 ************ 
2021-05-23 23:03:09,527 p=9742 u=hs n=ansible | Sunday 23 May 2021  23:03:09 +0200 (0:00:00.019)       0:00:02.990 ************ 
2021-05-23 23:03:10,225 p=9742 u=hs n=ansible | TASK [r_create_ansible_user : create group ansible:61065] ******************************************************************************************************************************************************************************************************************************
2021-05-23 23:03:10,225 p=9742 u=hs n=ansible | ok: [ec2-18-184-142-111.eu-central-1.compute.amazonaws.com]
2021-05-23 23:03:10,235 p=9742 u=hs n=ansible | ok: [ec2-52-59-221-56.eu-central-1.compute.amazonaws.com]
2021-05-23 23:03:10,238 p=9742 u=hs n=ansible | Sunday 23 May 2021  23:03:10 +0200 (0:00:00.710)       0:00:03.701 ************ 
2021-05-23 23:03:11,053 p=9742 u=hs n=ansible | TASK [r_create_ansible_user : create user ansible:61065] *******************************************************************************************************************************************************************************************************************************
2021-05-23 23:03:11,053 p=9742 u=hs n=ansible | ok: [ec2-18-184-142-111.eu-central-1.compute.amazonaws.com]
2021-05-23 23:03:11,178 p=9742 u=hs n=ansible | ok: [ec2-52-59-221-56.eu-central-1.compute.amazonaws.com]
2021-05-23 23:03:11,180 p=9742 u=hs n=ansible | Sunday 23 May 2021  23:03:11 +0200 (0:00:00.942)       0:00:04.643 ************ 
2021-05-23 23:03:11,985 p=9742 u=hs n=ansible | TASK [r_create_ansible_user : put public key to ~/.ssh/authorized_keys] ****************************************************************************************************************************************************************************************************************
2021-05-23 23:03:11,985 p=9742 u=hs n=ansible | changed: [ec2-18-184-142-111.eu-central-1.compute.amazonaws.com]
2021-05-23 23:03:12,098 p=9742 u=hs n=ansible | changed: [ec2-52-59-221-56.eu-central-1.compute.amazonaws.com]
2021-05-23 23:03:12,101 p=9742 u=hs n=ansible | Sunday 23 May 2021  23:03:12 +0200 (0:00:00.920)       0:00:05.564 ************ 
2021-05-23 23:03:12,743 p=9742 u=hs n=ansible | TASK [r_create_ansible_user : create /etc/sudoers.d/ansible] ***************************************************************************************************************************************************************************************************************************
2021-05-23 23:03:12,743 p=9742 u=hs n=ansible | ok: [ec2-18-184-142-111.eu-central-1.compute.amazonaws.com]
2021-05-23 23:03:12,777 p=9742 u=hs n=ansible | ok: [ec2-52-59-221-56.eu-central-1.compute.amazonaws.com]
2021-05-23 23:03:12,779 p=9742 u=hs n=ansible | Sunday 23 May 2021  23:03:12 +0200 (0:00:00.678)       0:00:06.243 ************ 
2021-05-23 23:03:13,493 p=9742 u=hs n=ansible | TASK [r_create_ansible_user : add entry ansible ALL=(ALL) NOPASSWD: ALL to  /etc/sudoers.d/ansible] ************************************************************************************************************************************************************************************
2021-05-23 23:03:13,493 p=9742 u=hs n=ansible | ok: [ec2-18-184-142-111.eu-central-1.compute.amazonaws.com]
2021-05-23 23:03:13,501 p=9742 u=hs n=ansible | ok: [ec2-52-59-221-56.eu-central-1.compute.amazonaws.com]
2021-05-23 23:03:13,503 p=9742 u=hs n=ansible | Sunday 23 May 2021  23:03:13 +0200 (0:00:00.723)       0:00:06.967 ************ 
2021-05-23 23:03:13,520 p=9742 u=hs n=ansible | Sunday 23 May 2021  23:03:13 +0200 (0:00:00.016)       0:00:06.983 ************ 
2021-05-23 23:03:14,242 p=9742 u=hs n=ansible | TASK [r_write_local_state_facts : set local fact last_run = config_ansible] ************************************************************************************************************************************************************************************************************
2021-05-23 23:03:14,242 p=9742 u=hs n=ansible | ok: [ec2-18-184-142-111.eu-central-1.compute.amazonaws.com]
2021-05-23 23:03:14,245 p=9742 u=hs n=ansible | ok: [ec2-52-59-221-56.eu-central-1.compute.amazonaws.com]
2021-05-23 23:03:14,246 p=9742 u=hs n=ansible | Sunday 23 May 2021  23:03:14 +0200 (0:00:00.726)       0:00:07.710 ************ 
2021-05-23 23:03:14,974 p=9742 u=hs n=ansible | TASK [r_write_local_state_facts : set local fact all_run] ******************************************************************************************************************************************************************************************************************************
2021-05-23 23:03:14,974 p=9742 u=hs n=ansible | ok: [ec2-18-184-142-111.eu-central-1.compute.amazonaws.com]
2021-05-23 23:03:14,976 p=9742 u=hs n=ansible | ok: [ec2-52-59-221-56.eu-central-1.compute.amazonaws.com]
2021-05-23 23:03:14,982 p=9742 u=hs n=ansible | Sunday 23 May 2021  23:03:14 +0200 (0:00:00.735)       0:00:08.446 ************ 
2021-05-23 23:03:15,642 p=9742 u=hs n=ansible | TASK [r_write_local_state_facts : set local fact last_deploy = 23:03:14-23.05.2021] ****************************************************************************************************************************************************************************************************
2021-05-23 23:03:15,642 p=9742 u=hs n=ansible | changed: [ec2-18-184-142-111.eu-central-1.compute.amazonaws.com]
2021-05-23 23:03:15,650 p=9742 u=hs n=ansible | changed: [ec2-52-59-221-56.eu-central-1.compute.amazonaws.com]
2021-05-23 23:03:15,651 p=9742 u=hs n=ansible | PLAY RECAP *****************************************************************************************************************************************************************************************************************************************************************************
2021-05-23 23:03:15,652 p=9742 u=hs n=ansible | ec2-18-184-142-111.eu-central-1.compute.amazonaws.com : ok=11   changed=2    unreachable=0    failed=0    skipped=0    rescued=0    ignored=0   
2021-05-23 23:03:15,652 p=9742 u=hs n=ansible | ec2-52-59-221-56.eu-central-1.compute.amazonaws.com : ok=11   changed=2    unreachable=0    failed=0    skipped=0    rescued=0    ignored=0   
2021-05-23 23:03:15,652 p=9742 u=hs n=ansible | Sunday 23 May 2021  23:03:15 +0200 (0:00:00.669)       0:00:09.115 ************ 
2021-05-23 23:03:15,652 p=9742 u=hs n=ansible | =============================================================================== 
2021-05-23 23:03:15,652 p=9742 u=hs n=ansible | [WARNING]: Failure using method (v2_playbook_on_stats) in callback plugin (<ansible.plugins.callback.profile_tasks.CallbackModule object at 0x7f45087c33d0>): 'odict_items' object is not subscriptable

